   2.3462830719654448     
   2.3669625669717789     
           1
   2.5204709820100106     
           1
   2.5334132649586536     
   2.3747418259736151     
   2.3993945739930496     
   2.3414411330013536     
   2.3942451719776727     
           2
   2.5146446169819683     
           2
   2.5246968409628607     
   2.3717652970226482     
   2.3736659149872139     
   2.3420502039953135     
   2.3290473839733750     
           4
   2.5392293260083534     
           4
   2.5259513480123132     
   2.4162752130068839     
   2.3964045280008577     
   2.3477275280165486     
   2.3452446510200389     
           8
   2.5531597239896655     
           8
   2.5109476089710370     
   2.3779400719795376     
   2.3815032360143960     
   2.3332723130006343     
   2.3633976890123449     
          16
   2.5309655009768903     
          16
   2.5516805819934234     
   2.3992882319726050     
   2.4161003629560582     
